# JRE version: OpenJDK Runtime Environment GraalVM CE 22.0.0.2 (17.0.2+8) (build 17.0.2+8-jvmci-22.0-b05)
# Java VM: OpenJDK 64-Bit Server VM GraalVM CE 22.0.0.2 (17.0.2+8-jvmci-22.0-b05, mixed mode, emulated-client, sharing, tiered, jvmci, jvmci compiler, compressed oops, compressed class ptrs, g1 gc, linux-amd64)
GC Precious Log:
 CPUs: 6 total, 6 available
 Memory: 11681M
 Large Page Support: Disabled
 NUMA Support: Disabled
 Compressed Oops: Enabled (Zero based)
 Heap Region Size: 2M
 Heap Min Capacity: 8M
 Heap Initial Capacity: 184M
 Heap Max Capacity: 2922M
 Pre-touch: Disabled
 Parallel Workers: 6
 Concurrent Workers: 2
 Concurrent Refinement Workers: 6
 Periodic GC: Disabled
Heap:
 garbage-first heap   total 120832K, used 70317K [0x0000000749600000, 0x0000000800000000)
  region size 2048K, 10 young (20480K), 2 survivors (4096K)
 Metaspace       used 59998K, committed 60480K, reserved 1105920K
  class space    used 8287K, committed 8512K, reserved 1048576K
GC Heap History (20 events):
Event: 3.932 GC heap before
{Heap before GC invocations=13 (full 0):
 garbage-first heap   total 92160K, used 64953K [0x0000000749600000, 0x0000000800000000)
  region size 2048K, 18 young (36864K), 2 survivors (4096K)
 Metaspace       used 43880K, committed 44288K, reserved 1089536K
  class space    used 6137K, committed 6336K, reserved 1048576K
}
Event: 3.936 GC heap after
{Heap after GC invocations=14 (full 0):
 garbage-first heap   total 92160K, used 40249K [0x0000000749600000, 0x0000000800000000)
  region size 2048K, 3 young (6144K), 3 survivors (6144K)
 Metaspace       used 43880K, committed 44288K, reserved 1089536K
  class space    used 6137K, committed 6336K, reserved 1048576K
}
Event: 4.242 GC heap before
{Heap before GC invocations=14 (full 0):
 garbage-first heap   total 92160K, used 66873K [0x0000000749600000, 0x0000000800000000)
  region size 2048K, 16 young (32768K), 3 survivors (6144K)
 Metaspace       used 46888K, committed 47296K, reserved 1097728K
  class space    used 6572K, committed 6784K, reserved 1048576K
}
Event: 4.246 GC heap after
{Heap after GC invocations=15 (full 0):
 garbage-first heap   total 92160K, used 46703K [0x0000000749600000, 0x0000000800000000)
  region size 2048K, 2 young (4096K), 2 survivors (4096K)
 Metaspace       used 46888K, committed 47296K, reserved 1097728K
  class space    used 6572K, committed 6784K, reserved 1048576K
}
Event: 4.467 GC heap before
{Heap before GC invocations=15 (full 0):
 garbage-first heap   total 92160K, used 67183K [0x0000000749600000, 0x0000000800000000)
  region size 2048K, 12 young (24576K), 2 survivors (4096K)
 Metaspace       used 48552K, committed 48960K, reserved 1097728K
  class space    used 6789K, committed 6976K, reserved 1048576K
}
Event: 4.470 GC heap after
{Heap after GC invocations=16 (full 0):
 garbage-first heap   total 92160K, used 48723K [0x0000000749600000, 0x0000000800000000)
  region size 2048K, 1 young (2048K), 1 survivors (2048K)
 Metaspace       used 48552K, committed 48960K, reserved 1097728K
  class space    used 6789K, committed 6976K, reserved 1048576K
}
Event: 4.702 GC heap before
{Heap before GC invocations=17 (full 0):
 garbage-first heap   total 92160K, used 69203K [0x0000000749600000, 0x0000000800000000)
  region size 2048K, 11 young (22528K), 1 survivors (2048K)
 Metaspace       used 50149K, committed 50560K, reserved 1097728K
  class space    used 7042K, committed 7232K, reserved 1048576K
}
Event: 4.705 GC heap after
{Heap after GC invocations=18 (full 0):
 garbage-first heap   total 92160K, used 50048K [0x0000000749600000, 0x0000000800000000)
  region size 2048K, 2 young (4096K), 2 survivors (4096K)
 Metaspace       used 50149K, committed 50560K, reserved 1097728K
  class space    used 7042K, committed 7232K, reserved 1048576K
}
Event: 5.000 GC heap before
{Heap before GC invocations=18 (full 0):
 garbage-first heap   total 92160K, used 70528K [0x0000000749600000, 0x0000000800000000)
  region size 2048K, 12 young (24576K), 2 survivors (4096K)
 Metaspace       used 50713K, committed 51136K, reserved 1097728K
  class space    used 7117K, committed 7296K, reserved 1048576K
}
Event: 5.005 GC heap after
{Heap after GC invocations=19 (full 0):
 garbage-first heap   total 92160K, used 52628K [0x0000000749600000, 0x0000000800000000)
  region size 2048K, 2 young (4096K), 2 survivors (4096K)
 Metaspace       used 50713K, committed 51136K, reserved 1097728K
  class space    used 7117K, committed 7296K, reserved 1048576K
}
Event: 5.251 GC heap before
{Heap before GC invocations=20 (full 0):
 garbage-first heap   total 100352K, used 71060K [0x0000000749600000, 0x0000000800000000)
  region size 2048K, 11 young (22528K), 2 survivors (4096K)
 Metaspace       used 52629K, committed 53056K, reserved 1097728K
  class space    used 7389K, committed 7616K, reserved 1048576K
}
Event: 5.256 GC heap after
{Heap after GC invocations=21 (full 0):
 garbage-first heap   total 100352K, used 54016K [0x0000000749600000, 0x0000000800000000)
  region size 2048K, 1 young (2048K), 1 survivors (2048K)
 Metaspace       used 52629K, committed 53056K, reserved 1097728K
  class space    used 7389K, committed 7616K, reserved 1048576K
}
Event: 8.057 GC heap before
{Heap before GC invocations=21 (full 0):
 garbage-first heap   total 100352K, used 78592K [0x0000000749600000, 0x0000000800000000)
  region size 2048K, 13 young (26624K), 1 survivors (2048K)
 Metaspace       used 52694K, committed 53120K, reserved 1097728K
  class space    used 7399K, committed 7616K, reserved 1048576K
}
Event: 8.060 GC heap after
{Heap after GC invocations=22 (full 0):
 garbage-first heap   total 120832K, used 54489K [0x0000000749600000, 0x0000000800000000)
  region size 2048K, 2 young (4096K), 2 survivors (4096K)
 Metaspace       used 52694K, committed 53120K, reserved 1097728K
  class space    used 7399K, committed 7616K, reserved 1048576K
}
Event: 8.833 GC heap before
{Heap before GC invocations=23 (full 0):
 garbage-first heap   total 120832K, used 93401K [0x0000000749600000, 0x0000000800000000)
  region size 2048K, 21 young (43008K), 2 survivors (4096K)
 Metaspace       used 55776K, committed 56256K, reserved 1097728K
  class space    used 7814K, committed 8064K, reserved 1048576K
}
Event: 8.837 GC heap after
{Heap after GC invocations=24 (full 0):
 garbage-first heap   total 120832K, used 55813K [0x0000000749600000, 0x0000000800000000)
  region size 2048K, 2 young (4096K), 2 survivors (4096K)
 Metaspace       used 55776K, committed 56256K, reserved 1097728K
  class space    used 7814K, committed 8064K, reserved 1048576K
}
Event: 12.794 GC heap before
{Heap before GC invocations=24 (full 0):
 garbage-first heap   total 120832K, used 94725K [0x0000000749600000, 0x0000000800000000)
  region size 2048K, 21 young (43008K), 2 survivors (4096K)
 Metaspace       used 56724K, committed 57152K, reserved 1105920K
  class space    used 7936K, committed 8128K, reserved 1048576K
}
Event: 12.797 GC heap after
{Heap after GC invocations=25 (full 0):
 garbage-first heap   total 120832K, used 57132K [0x0000000749600000, 0x0000000800000000)
  region size 2048K, 2 young (4096K), 2 survivors (4096K)
 Metaspace       used 56724K, committed 57152K, reserved 1105920K
  class space    used 7936K, committed 8128K, reserved 1048576K
}
Event: 14.072 GC heap before
{Heap before GC invocations=26 (full 0):
 garbage-first heap   total 120832K, used 91948K [0x0000000749600000, 0x0000000800000000)
  region size 2048K, 20 young (40960K), 2 survivors (4096K)
 Metaspace       used 56851K, committed 57344K, reserved 1105920K
  class space    used 7952K, committed 8192K, reserved 1048576K
}
Event: 14.075 GC heap after
{Heap after GC invocations=27 (full 0):
 garbage-first heap   total 120832K, used 58029K [0x0000000749600000, 0x0000000800000000)
  region size 2048K, 2 young (4096K), 2 survivors (4096K)
 Metaspace       used 56851K, committed 57344K, reserved 1105920K
  class space    used 7952K, committed 8192K, reserved 1048576K
}

